mode: set
github.com/Ziyue95/bookingandreservation/internal/render/render.go:26.40,28.2 1 1
github.com/Ziyue95/bookingandreservation/internal/render/render.go:31.84,39.2 5 1
github.com/Ziyue95/bookingandreservation/internal/render/render.go:43.105,47.18 2 1
github.com/Ziyue95/bookingandreservation/internal/render/render.go:60.2,61.9 2 1
github.com/Ziyue95/bookingandreservation/internal/render/render.go:67.2,72.16 4 1
github.com/Ziyue95/bookingandreservation/internal/render/render.go:77.2,78.16 2 1
github.com/Ziyue95/bookingandreservation/internal/render/render.go:83.2,83.12 1 1
github.com/Ziyue95/bookingandreservation/internal/render/render.go:47.18,51.3 1 0
github.com/Ziyue95/bookingandreservation/internal/render/render.go:51.8,54.17 3 1
github.com/Ziyue95/bookingandreservation/internal/render/render.go:54.17,56.4 1 0
github.com/Ziyue95/bookingandreservation/internal/render/render.go:61.9,64.3 1 1
github.com/Ziyue95/bookingandreservation/internal/render/render.go:72.16,74.3 1 0
github.com/Ziyue95/bookingandreservation/internal/render/render.go:78.16,81.3 2 0
github.com/Ziyue95/bookingandreservation/internal/render/render.go:86.67,92.16 3 1
github.com/Ziyue95/bookingandreservation/internal/render/render.go:97.2,99.16 2 1
github.com/Ziyue95/bookingandreservation/internal/render/render.go:105.2,105.29 1 1
github.com/Ziyue95/bookingandreservation/internal/render/render.go:124.2,124.21 1 1
github.com/Ziyue95/bookingandreservation/internal/render/render.go:92.16,94.3 1 0
github.com/Ziyue95/bookingandreservation/internal/render/render.go:99.16,101.3 1 0
github.com/Ziyue95/bookingandreservation/internal/render/render.go:105.29,110.17 3 1
github.com/Ziyue95/bookingandreservation/internal/render/render.go:114.3,114.23 1 1
github.com/Ziyue95/bookingandreservation/internal/render/render.go:121.3,121.21 1 1
github.com/Ziyue95/bookingandreservation/internal/render/render.go:110.17,112.4 1 0
github.com/Ziyue95/bookingandreservation/internal/render/render.go:114.23,116.18 2 1
github.com/Ziyue95/bookingandreservation/internal/render/render.go:116.18,118.5 1 0
